<?xml version="1.0" encoding="UTF-8"?>
<!-- Generated by org.testng.reporters.JUnitXMLReporter -->
<testsuite ignored="6" hostname="AmitAsus" failures="0" tests="2" name="grouping" time="0.052" errors="0" timestamp="2024-11-16T23:05:18 IST">
  <testcase classname="sdet.grouping.PaymentTests" name="UPIPayment" time="0.012"/>
  <testcase classname="sdet.grouping.PaymentTests" name="CreditCardPayment" time="0.001"/>
  <testcase classname="sdet.grouping.loginTests" name="loginByEmail" time="0.0">
    <ignored/>
  </testcase> <!-- loginByEmail -->
  <testcase classname="sdet.grouping.loginTests" name="loginByTwitter" time="0.0">
    <ignored/>
  </testcase> <!-- loginByTwitter -->
  <testcase classname="sdet.grouping.SignUpTests" name="SignUpByTwitter" time="0.0">
    <ignored/>
  </testcase> <!-- SignUpByTwitter -->
  <testcase classname="sdet.grouping.SignUpTests" name="SignUpByEmail" time="0.0">
    <ignored/>
  </testcase> <!-- SignUpByEmail -->
  <testcase classname="sdet.grouping.SignUpTests" name="SignUpByFacebook" time="0.0">
    <ignored/>
  </testcase> <!-- SignUpByFacebook -->
  <testcase classname="sdet.grouping.loginTests" name="loginByFacebook" time="0.0">
    <ignored/>
  </testcase> <!-- loginByFacebook -->
</testsuite> <!-- grouping -->
