<?xml version="1.0" encoding="UTF-8"?>
<!-- Generated by org.testng.reporters.JUnitXMLReporter -->
<testsuite ignored="0" hostname="AmitAsus" failures="0" tests="5" name="testng" time="0.078" errors="0" timestamp="2024-11-16T01:02:53 IST">
  <testcase classname="sdet.testNGRunningSuite.TestCase1" name="tc_1_fun_1" time="0.018"/>
  <testcase classname="sdet.testNGRunningSuite.TestCase1" name="tc_1_fun_2" time="0.002"/>
  <testcase classname="sdet.testNGRunningSuite.TestCase1" name="tc_1_fun_3" time="0.001"/>
  <testcase classname="sdet.testNGRunningSuite.TestCase2" name="a_tc_2_fun_1" time="0.001"/>
  <testcase classname="sdet.testNGRunningSuite.TestCase2" name="b_tc_2_fun_2" time="0.001"/>
</testsuite> <!-- testng -->
